<?xml version="1.0" encoding="UTF-8"?>
<!-- Generated by org.testng.reporters.JUnitReportReporter -->
<testsuite hostname="Shiv-Shakti" failures="0" tests="1" name="JALA_Assignment1.Selenium.SliderTest" time="2.860" errors="0" timestamp="2023-10-27T12:11:57 IST" skipped="0">
  <testcase classname="JALA_Assignment1.Selenium.SliderTest" name="testSliderInteraction" time="2.860"/>
  <system-out/>
</testsuite> <!-- JALA_Assignment1.Selenium.SliderTest -->
