<?xml version="1.0" encoding="UTF-8"?>
<!-- Generated by org.testng.reporters.JUnitReportReporter -->
<testsuite hostname="Shiv-Shakti" failures="0" tests="2" name="JALA_Assignment1.Selenium.CollapsibleContentTest" time="8.639" errors="0" timestamp="2023-10-28T10:42:15 IST" skipped="0">
  <testcase classname="JALA_Assignment1.Selenium.CollapsibleContentTest" name="testMultipleCollapses" time="3.421"/>
  <system-out/>
  <testcase classname="JALA_Assignment1.Selenium.CollapsibleContentTest" name="testLoginAndSingleCollapse" time="5.218"/>
  <system-out/>
</testsuite> <!-- JALA_Assignment1.Selenium.CollapsibleContentTest -->
