<?xml version="1.0" encoding="UTF-8"?>
<!-- Generated by org.testng.reporters.JUnitReportReporter -->
<testsuite hostname="Shiv-Shakti" failures="0" tests="1" name="JALA_Assignment1.Selenium.AlertBoxTest" time="28.615" errors="0" timestamp="2023-10-27T15:22:19 IST" skipped="0">
  <testcase classname="JALA_Assignment1.Selenium.AlertBoxTest" name="testAlertBox" time="28.615"/>
  <system-out/>
</testsuite> <!-- JALA_Assignment1.Selenium.AlertBoxTest -->
