<?xml version="1.0" encoding="UTF-8"?>
<!-- Generated by org.testng.reporters.JUnitReportReporter -->
<testsuite hostname="Shiv-Shakti" failures="0" tests="1" name="JALA_Assignment1.Selenium.LogoutTest" time="7.134" errors="0" timestamp="2023-10-24T10:26:40 IST" skipped="0">
  <testcase classname="JALA_Assignment1.Selenium.LogoutTest" name="testLogout" time="7.134"/>
  <system-out/>
</testsuite> <!-- JALA_Assignment1.Selenium.LogoutTest -->
