<?xml version="1.0" encoding="UTF-8"?>
<!-- Generated by org.testng.reporters.JUnitReportReporter -->
<testsuite hostname="Shiv-Shakti" failures="0" tests="1" name="JALA_Assignment1.Selenium.MenuTest" time="11.521" errors="0" timestamp="2023-10-24T11:12:24 IST" skipped="0">
  <testcase classname="JALA_Assignment1.Selenium.MenuTest" name="testMenuInteraction" time="11.521"/>
  <system-out/>
</testsuite> <!-- JALA_Assignment1.Selenium.MenuTest -->
