<?xml version="1.0" encoding="UTF-8"?>
<!-- Generated by org.testng.reporters.JUnitReportReporter -->
<testsuite hostname="Shiv-Shakti" failures="0" tests="1" name="JALA_Assignment1.Selenium.AutocompleteTest" time="6.599" errors="0" timestamp="2023-10-24T11:18:28 IST" skipped="0">
  <testcase classname="JALA_Assignment1.Selenium.AutocompleteTest" name="testAutocomplete" time="6.599"/>
  <system-out/>
</testsuite> <!-- JALA_Assignment1.Selenium.AutocompleteTest -->
