<?xml version="1.0" encoding="UTF-8"?>
<!-- Generated by org.testng.reporters.JUnitReportReporter -->
<testsuite hostname="Shiv-Shakti" failures="0" tests="1" name="JALA_Assignment1.Selenium.TooltipTest" time="9.529" errors="0" timestamp="2023-10-25T12:10:36 IST" skipped="0">
  <testcase classname="JALA_Assignment1.Selenium.TooltipTest" name="testTooltip" time="9.529"/>
  <system-out/>
</testsuite> <!-- JALA_Assignment1.Selenium.TooltipTest -->
