<?xml version="1.0" encoding="UTF-8"?>
<!-- Generated by org.testng.reporters.JUnitReportReporter -->
<testsuite hostname="Shiv-Shakti" failures="0" tests="1" name="JALA_Assignment1.Selenium.EmployeeCreateTest" time="6.030" errors="0" timestamp="2023-10-25T11:36:34 IST" skipped="0">
  <testcase classname="JALA_Assignment1.Selenium.EmployeeCreateTest" name="testEmployeeCreation" time="6.030"/>
  <system-out/>
</testsuite> <!-- JALA_Assignment1.Selenium.EmployeeCreateTest -->
