<?xml version="1.0" encoding="UTF-8"?>
<!-- Generated by org.testng.reporters.JUnitReportReporter -->
<testsuite hostname="Shiv-Shakti" failures="0" tests="1" name="JALA_Assignment1.Selenium.EmployeeTest" time="11.466" errors="0" timestamp="2023-10-26T15:47:18 IST" skipped="0">
  <testcase classname="JALA_Assignment1.Selenium.EmployeeTest" name="testEmployeeRegistration" time="11.466"/>
  <system-out/>
</testsuite> <!-- JALA_Assignment1.Selenium.EmployeeTest -->
