<?xml version="1.0" encoding="UTF-8"?>
<!-- Generated by org.testng.reporters.JUnitReportReporter -->
<testsuite hostname="Shiv-Shakti" failures="0" tests="4" name="JALA_Assignment1.Selenium.ImageLinksTest" time="21.784" errors="0" timestamp="2023-10-27T15:22:19 IST" skipped="0">
  <testcase classname="JALA_Assignment1.Selenium.ImageLinksTest" name="loginToApplication" time="9.635"/>
  <system-out/>
  <testcase classname="JALA_Assignment1.Selenium.ImageLinksTest" name="navigateToImageLinks" time="10.961"/>
  <system-out/>
  <testcase classname="JALA_Assignment1.Selenium.ImageLinksTest" name="retrieveImageLinks" time="0.292"/>
  <system-out/>
  <testcase classname="JALA_Assignment1.Selenium.ImageLinksTest" name="clickImageLinks" time="0.896"/>
  <system-out/>
</testsuite> <!-- JALA_Assignment1.Selenium.ImageLinksTest -->
