<?xml version="1.0" encoding="UTF-8"?>
<!-- Generated by org.testng.reporters.JUnitReportReporter -->
<testsuite hostname="Shiv-Shakti" failures="0" tests="1" name="JALA_Assignment1.Selenium.ImageUploadTest" time="0.371" errors="0" timestamp="2023-10-27T15:45:33 IST" skipped="0">
  <testcase classname="JALA_Assignment1.Selenium.ImageUploadTest" name="testImageUpload" time="0.371"/>
  <system-out/>
</testsuite> <!-- JALA_Assignment1.Selenium.ImageUploadTest -->
