<?xml version="1.0" encoding="UTF-8"?>
<!-- Generated by org.testng.reporters.JUnitReportReporter -->
<testsuite hostname="Shiv-Shakti" failures="0" tests="1" name="JALA_Assignment1.Selenium.WorkingLinkTest" time="8.408" errors="0" timestamp="2023-10-27T15:22:19 IST" skipped="0">
  <testcase classname="JALA_Assignment1.Selenium.WorkingLinkTest" name="testWorkingLinks" time="8.408"/>
  <system-out/>
</testsuite> <!-- JALA_Assignment1.Selenium.WorkingLinkTest -->
