<?xml version="1.0" encoding="UTF-8"?>
<!-- Generated by org.testng.reporters.JUnitReportReporter -->
<testsuite hostname="Shiv-Shakti" failures="0" tests="1" name="JALA_Assignment1.Selenium.LoginTestNGTest" time="7.278" errors="0" timestamp="2023-10-23T16:41:36 IST" skipped="0">
  <testcase classname="JALA_Assignment1.Selenium.LoginTestNGTest" name="testLogin" time="7.278"/>
  <system-out/>
</testsuite> <!-- JALA_Assignment1.Selenium.LoginTestNGTest -->
