<?xml version="1.0" encoding="UTF-8"?>
<!-- Generated by org.testng.reporters.JUnitReportReporter -->
<testsuite hostname="Shiv-Shakti" failures="0" tests="1" name="JALA_Assignment1.Selenium.FramesTest" time="11.869" errors="0" timestamp="2023-10-26T11:13:41 IST" skipped="0">
  <testcase classname="JALA_Assignment1.Selenium.FramesTest" name="testFrameContent" time="11.869"/>
  <system-out/>
</testsuite> <!-- JALA_Assignment1.Selenium.FramesTest -->
